<?xml version="1.0" encoding="UTF-8"?>
<!-- Generated by org.testng.reporters.JUnitReportReporter -->
<testsuite failures="0" tests="2" name="tests.TestsExample" time="2.387" errors="0" timestamp="2022-11-22T13:54:44 EST" skipped="0">
  <testcase classname="tests.TestsExample" name="test_02" time="2.135"/>
  <system-out/>
  <testcase classname="tests.TestsExample" name="test_1" time="0.252"/>
  <system-out/>
</testsuite> <!-- tests.TestsExample -->
