<?xml version="1.0" encoding="UTF-8"?>
<!-- Generated by org.testng.reporters.JUnitReportReporter -->
<testsuite failures="0" tests="1" name="tests.SoapXMLRequest" time="1.539" errors="0" timestamp="2022-11-22T16:10:38 EST" skipped="0">
  <testcase classname="tests.SoapXMLRequest" name="validateSoapXML" time="1.539"/>
  <system-out/>
</testsuite> <!-- tests.SoapXMLRequest -->
