<?xml version="1.0" encoding="UTF-8"?>
<!-- Generated by org.testng.reporters.JUnitReportReporter -->
<testsuite failures="0" tests="3" name="tests.PutPatchAndDeleteExamples" time="2.852" errors="0" timestamp="2022-11-22T14:37:51 EST" skipped="0">
  <testcase classname="tests.PutPatchAndDeleteExamples" name="testPatch" time="0.459"/>
  <system-out/>
  <testcase classname="tests.PutPatchAndDeleteExamples" name="testDelete" time="1.921"/>
  <system-out/>
  <testcase classname="tests.PutPatchAndDeleteExamples" name="testput" time="0.472"/>
  <system-out/>
</testsuite> <!-- tests.PutPatchAndDeleteExamples -->
