<?xml version="1.0" encoding="UTF-8"?>
<!-- Generated by org.testng.reporters.JUnitReportReporter -->
<testsuite failures="0" tests="1" name="tests.TestOnLocalAPI" time="3.359" errors="0" timestamp="2022-11-22T15:08:36 EST" skipped="0">
  <testcase classname="tests.TestOnLocalAPI" name="test_delete" time="3.359"/>
  <system-out/>
</testsuite> <!-- tests.TestOnLocalAPI -->
