<?xml version="1.0" encoding="UTF-8"?>
<!-- Generated by org.testng.reporters.JUnitReportReporter -->
<testsuite failures="0" tests="1" name="tests.GetAndPostExample" time="1.949" errors="0" timestamp="2022-11-22T14:28:14 EST" skipped="0">
  <testcase classname="tests.GetAndPostExample" name="testpost" time="1.949"/>
  <system-out/>
</testsuite> <!-- tests.GetAndPostExample -->
